<?xml version="1.0" encoding="UTF-8"?>
<testsuite xmlns:xsi="http://www.w3.org/2001/XMLSchema-instance" xsi:noNamespaceSchemaLocation="https://maven.apache.org/surefire/maven-surefire-plugin/xsd/surefire-test-report-3.0.xsd" version="3.0" name="org.apache.beam.examples.DebuggingWordCountTest" time="6.13" tests="1" errors="1" skipped="0" failures="0">
  <properties>
[...]
</properties>
  <testcase name="testDebuggingWordCount" classname="org.apache.beam.examples.DebuggingWordCountTest" time="6.13">
    <error message="java.io.FileNotFoundException: No files matched spec: /Users/vjajee/AppData/Local/Temp/junit2257764359964240996/junit8657440120273935488.tmp" type="org.apache.beam.sdk.Pipeline$PipelineExecutionException"><![CDATA[org.apache.beam.sdk.Pipeline$PipelineExecutionException: java.io.FileNotFoundException: No files matched spec: /Users/vjajee/AppData/Local/Temp/junit2257764359964240996/junit8657440120273935488.tmp
	at org.apache.beam.examples.DebuggingWordCountTest.testDebuggingWordCount(DebuggingWordCountTest.java:54)
Caused by: java.io.FileNotFoundException: No files matched spec: /Users/vjajee/AppData/Local/Temp/junit2257764359964240996/junit8657440120273935488.tmp
]]></error>
  </testcase>
</testsuite>